Determining if the pthread_create exist failed with the following output:
Change Dir: /home/peng/RGBD_SLAM/slam/build/CMakeFiles/CMakeTmp

Run Build Command:"/usr/bin/make" "cmTC_0dd9e/fast"
/usr/bin/make -f CMakeFiles/cmTC_0dd9e.dir/build.make CMakeFiles/cmTC_0dd9e.dir/build
make[1]: Entering directory `/home/peng/RGBD_SLAM/slam/build/CMakeFiles/CMakeTmp'
Building C object CMakeFiles/cmTC_0dd9e.dir/CheckSymbolExists.c.o
/usr/bin/cc     -o CMakeFiles/cmTC_0dd9e.dir/CheckSymbolExists.c.o   -c /home/peng/RGBD_SLAM/slam/build/CMakeFiles/CMakeTmp/CheckSymbolExists.c
Linking C executable cmTC_0dd9e
/usr/bin/cmake -E cmake_link_script CMakeFiles/cmTC_0dd9e.dir/link.txt --verbose=1
/usr/bin/cc       CMakeFiles/cmTC_0dd9e.dir/CheckSymbolExists.c.o  -o cmTC_0dd9e -rdynamic 
CMakeFiles/cmTC_0dd9e.dir/CheckSymbolExists.c.o: In function `main':
CheckSymbolExists.c:(.text+0x16): undefined reference to `pthread_create'
collect2: error: ld returned 1 exit status
make[1]: *** [cmTC_0dd9e] Error 1
make[1]: Leaving directory `/home/peng/RGBD_SLAM/slam/build/CMakeFiles/CMakeTmp'
make: *** [cmTC_0dd9e/fast] Error 2

File /home/peng/RGBD_SLAM/slam/build/CMakeFiles/CMakeTmp/CheckSymbolExists.c:
/* */
#include <pthread.h>

int main(int argc, char** argv)
{
  (void)argv;
#ifndef pthread_create
  return ((int*)(&pthread_create))[argc];
#else
  (void)argc;
  return 0;
#endif
}

Determining if the function pthread_create exists in the pthreads failed with the following output:
Change Dir: /home/peng/RGBD_SLAM/slam/build/CMakeFiles/CMakeTmp

Run Build Command:"/usr/bin/make" "cmTC_b3ded/fast"
/usr/bin/make -f CMakeFiles/cmTC_b3ded.dir/build.make CMakeFiles/cmTC_b3ded.dir/build
make[1]: Entering directory `/home/peng/RGBD_SLAM/slam/build/CMakeFiles/CMakeTmp'
Building C object CMakeFiles/cmTC_b3ded.dir/CheckFunctionExists.c.o
/usr/bin/cc    -DCHECK_FUNCTION_EXISTS=pthread_create   -o CMakeFiles/cmTC_b3ded.dir/CheckFunctionExists.c.o   -c /usr/share/cmake-3.5/Modules/CheckFunctionExists.c
Linking C executable cmTC_b3ded
/usr/bin/cmake -E cmake_link_script CMakeFiles/cmTC_b3ded.dir/link.txt --verbose=1
/usr/bin/cc   -DCHECK_FUNCTION_EXISTS=pthread_create    CMakeFiles/cmTC_b3ded.dir/CheckFunctionExists.c.o  -o cmTC_b3ded -rdynamic -lpthreads 
/usr/bin/ld: cannot find -lpthreads
collect2: error: ld returned 1 exit status
make[1]: *** [cmTC_b3ded] Error 1
make[1]: Leaving directory `/home/peng/RGBD_SLAM/slam/build/CMakeFiles/CMakeTmp'
make: *** [cmTC_b3ded/fast] Error 2


